[0719/082409.779:ERROR:scoped_process_suspend.cc(31)] NtSuspendProcess: An attempt was made to access an exiting process. (0xc000010a)
[0719/082409.779:ERROR:scoped_process_suspend.cc(31)] NtSuspendProcess: An attempt was made to access an exiting process. (0xc000010a)
[0719/082409.779:ERROR:scoped_process_suspend.cc(31)] NtSuspendProcess: An attempt was made to access an exiting process. (0xc000010a)
[0719/082409.836:ERROR:process_info.cc(118)] ReadProcessMemory bool __cdecl crashpad::(anonymous namespace)::ReadStruct(HANDLE, crashpad::WinVMAddress, T *) [T = crashpad::process_types::PEB<crashpad::process_types::internal::Traits64>]: Only part of a ReadProcessMemory or WriteProcessMemory request was completed. (0x12B)
[0719/082409.836:ERROR:process_info.cc(118)] ReadProcessMemory bool __cdecl crashpad::(anonymous namespace)::ReadStruct(HANDLE, crashpad::WinVMAddress, T *) [T = crashpad::process_types::PEB<crashpad::process_types::internal::Traits64>]: Only part of a ReadProcessMemory or WriteProcessMemory request was completed. (0x12B)
[0719/082409.859:ERROR:process_info.cc(551)] ReadProcessData failed
[0719/082409.859:ERROR:process_info.cc(551)] ReadProcessData failed
[0719/082409.836:ERROR:process_info.cc(118)] ReadProcessMemory bool __cdecl crashpad::(anonymous namespace)::ReadStruct(HANDLE, crashpad::WinVMAddress, T *) [T = crashpad::process_types::PEB<crashpad::process_types::internal::Traits64>]: Only part of a ReadProcessMemory or WriteProcessMemory request was completed. (0x12B)
[0719/082409.859:ERROR:process_info.cc(551)] ReadProcessData failed
[0719/082410.167:ERROR:process_info.cc(329)] VirtualQueryEx: Access is denied. (0x5)
[0719/082410.167:ERROR:process_info.cc(556)] ReadMemoryInfo failed
[0719/082410.167:ERROR:scoped_process_suspend.cc(40)] NtResumeProcess: An attempt was made to access an exiting process. (0xc000010a)
[0719/082410.532:ERROR:process_reader_win.cc(123)] NtOpenThread: {Access Denied} A process has requested access to an object, but has not been granted those access rights. (0xc0000022)
[0719/082410.533:ERROR:exception_snapshot_win.cc(98)] thread ID 1644 not found in process
[0719/082410.533:ERROR:process_reader_win.cc(123)] NtOpenThread: {Access Denied} A process has requested access to an object, but has not been granted those access rights. (0xc0000022)
[0719/082410.533:ERROR:exception_snapshot_win.cc(98)] thread ID 8428 not found in process
[0719/082410.763:ERROR:process_reader_win.cc(123)] NtOpenThread: {Access Denied} A process has requested access to an object, but has not been granted those access rights. (0xc0000022)
[0719/082410.763:ERROR:exception_snapshot_win.cc(98)] thread ID 13256 not found in process
[0719/082410.972:ERROR:process_info.cc(329)] VirtualQueryEx: Access is denied. (0x5)
[0719/082410.972:ERROR:process_info.cc(556)] ReadMemoryInfo failed
[0719/082410.972:ERROR:scoped_process_suspend.cc(40)] NtResumeProcess: An attempt was made to access an exiting process. (0xc000010a)
